{"name":"test003","id":"in.reqres.reqresinfo.UsersCRUDTest:test003","testCaseName":"in.reqres.reqresinfo.UsersCRUDTest","testSteps":[{"number":1,"description":"Login users with email: amysmith@gmail.com, passwordsmith123","duration":246,"startTime":"2022-06-08T00:37:27.113+01:00[Europe/London]","exception":{"errorType":"java.lang.AssertionError","message":"1 expectation failed.\nExpected status code \u003c200\u003e but was \u003c400\u003e.\n","stackTrace":[{"declaringClass":"io.restassured.internal.ResponseSpecificationImpl","methodName":"validateResponseIfRequired","fileName":"ResponseSpecificationImpl.groovy","lineNumber":636},{"declaringClass":"io.restassured.internal.ResponseSpecificationImpl","methodName":"statusCode","fileName":"ResponseSpecificationImpl.groovy","lineNumber":122},{"declaringClass":"io.restassured.internal.ResponseSpecificationImpl","methodName":"statusCode","fileName":"ResponseSpecificationImpl.groovy","lineNumber":130},{"declaringClass":"io.restassured.internal.ValidatableResponseOptionsImpl","methodName":"statusCode","fileName":"ValidatableResponseOptionsImpl.java","lineNumber":117},{"declaringClass":"in.reqres.reqresinfo.UsersSteps","methodName":"loginUser","fileName":"UsersSteps.java","lineNumber":66},{"declaringClass":"in.reqres.reqresinfo.UsersCRUDTest","methodName":"test003","fileName":"UsersCRUDTest.java","lineNumber":51}]},"result":"FAILURE","precondition":false,"children":[{"number":2,"description":"POST https://reqres.in/api/login\r\r","duration":0,"startTime":"2022-06-08T00:37:27.357+01:00[Europe/London]","result":"SUCCESS","restQuery":{"method":"POST","path":"https://reqres.in/api/login\r\r","content":"{\n    \"firstName\": null,\n    \"job\": null,\n    \"email\": \"amysmith@gmail.com\",\n    \"password\": \"smith123\"\n}\r","contentType":"application/json","requestHeaders":"Accept\u003d*/*\r\n\t\t\t\tContent-Type\u003dapplication/json; charset\u003dUTF-8\r\r","requestCookies":"\r\r","responseHeaders":"Date: Tue, 07 Jun 2022 23:37:27 GMT\nContent-Type: application/json; charset\u003dutf-8\nContent-Length: 26\nConnection: keep-alive\nX-Powered-By: Express\nAccess-Control-Allow-Origin: *\nEtag: W/\"1a-EGIcyP6BIiCXl5Gb1aph5CGf4VQ\"\nVia: 1.1 vegur\nCF-Cache-Status: DYNAMIC\nExpect-CT: max-age\u003d604800, report-uri\u003d\"https://report-uri.cloudflare.com/cdn-cgi/beacon/expect-ct\"\nReport-To: {\"endpoints\":[{\"url\":\"https:\\/\\/a.nel.cloudflare.com\\/report\\/v3?s\u003dSk5TrmUs99c%2F0%2BMTwSk3b%2BYlp2zkmx4cLhqmqKwboVUhD5aZ%2BaiAB0iKGzSPOLrXSIj8XlGNJ%2FGCZR2yR8oEDah85gxi7cd%2Fz5fpB4tBPbuXts%2FhY9TSEkDdOng%3D\"}],\"group\":\"cf-nel\",\"max_age\":604800}\nNEL: {\"success_fraction\":0,\"report_to\":\"cf-nel\",\"max_age\":604800}\nServer: cloudflare\nCF-RAY: 717d373b8c078868-LHR\nalt-svc: h3\u003d\":443\"; ma\u003d86400, h3-29\u003d\":443\"; ma\u003d86400\r","responseCookies":"\r","responseBody":"{\n    \"error\": \"user not found\"\n}","statusCode":400},"precondition":false}]}],"userStory":{"id":"in.reqres.reqresinfo.UsersCRUDTest","storyName":"Users CRUD test","storyClassName":"in.reqres.reqresinfo.UsersCRUDTest","path":"in.reqres.reqresinfo","type":"story"},"featureTag":{"name":"Reqresinfo/Users CRUD test","type":"story"},"title":"This is for users to login ","tags":[{"name":"Reqresinfo/Users CRUD test","type":"story"}],"startTime":"2022-06-08T00:37:27.113+01:00[Europe/London]","duration":247,"testFailureCause":{"errorType":"java.lang.AssertionError","message":"1 expectation failed.\nExpected status code \u003c200\u003e but was \u003c400\u003e.\n","stackTrace":[{"declaringClass":"io.restassured.internal.ResponseSpecificationImpl","methodName":"validateResponseIfRequired","fileName":"ResponseSpecificationImpl.groovy","lineNumber":636},{"declaringClass":"io.restassured.internal.ResponseSpecificationImpl","methodName":"statusCode","fileName":"ResponseSpecificationImpl.groovy","lineNumber":122},{"declaringClass":"io.restassured.internal.ResponseSpecificationImpl","methodName":"statusCode","fileName":"ResponseSpecificationImpl.groovy","lineNumber":130},{"declaringClass":"io.restassured.internal.ValidatableResponseOptionsImpl","methodName":"statusCode","fileName":"ValidatableResponseOptionsImpl.java","lineNumber":117},{"declaringClass":"in.reqres.reqresinfo.UsersSteps","methodName":"loginUser","fileName":"UsersSteps.java","lineNumber":66},{"declaringClass":"in.reqres.reqresinfo.UsersCRUDTest","methodName":"test003","fileName":"UsersCRUDTest.java","lineNumber":51}]},"testFailureClassname":"java.lang.AssertionError","testFailureMessage":"1 expectation failed.\nExpected status code \u003c200\u003e but was \u003c400\u003e.\n","testFailureSummary":"FAILURE;java.lang.AssertionError;1 expectation failed.\nExpected status code \u003c200\u003e but was \u003c400\u003e.\n;ResponseSpecificationImpl.groovy","projectKey":"","annotatedResult":"FAILURE","manual":false,"testSource":"JUnit","result":"FAILURE"}